<?xml version="1.0" encoding="UTF-8"?>
<!-- Generated by org.testng.reporters.JUnitXMLReporter -->
<testsuite ignored="0" hostname="DESKTOP-SSIUDP7" failures="3" tests="4" name="loginTest" time="89.737" errors="0" timestamp="14 Oct 2022 08:30:45 GMT">
  <testcase classname="com.bikkadit.ebam.testCase.TC_LoginTest_002" name="loginDDT" time="22.167"/>
  <testcase classname="com.bikkadit.ebam.testCase.TC_LoginTest_002" name="loginDDT" time="7.813">
    <failure type="java.lang.AssertionError" message="expected [true] but found [false]">
      <![CDATA[java.lang.AssertionError: expected [true] but found [false]
at com.bikkadit.ebam.testCase.TC_LoginTest_002.loginDDT(TC_LoginTest_002.java:29)
... Removed 32 stack frames]]>
    </failure>
  </testcase> <!-- loginDDT -->
  <testcase classname="com.bikkadit.ebam.testCase.TC_LoginTest_002" name="loginDDT" time="7.575">
    <failure type="java.lang.AssertionError" message="expected [true] but found [false]">
      <![CDATA[java.lang.AssertionError: expected [true] but found [false]
at com.bikkadit.ebam.testCase.TC_LoginTest_002.loginDDT(TC_LoginTest_002.java:29)
... Removed 32 stack frames]]>
    </failure>
  </testcase> <!-- loginDDT -->
  <testcase classname="com.bikkadit.ebam.testCase.TC_LoginTest_002" name="loginDDT" time="7.544">
    <failure type="java.lang.AssertionError" message="expected [true] but found [false]">
      <![CDATA[java.lang.AssertionError: expected [true] but found [false]
at com.bikkadit.ebam.testCase.TC_LoginTest_002.loginDDT(TC_LoginTest_002.java:29)
... Removed 32 stack frames]]>
    </failure>
  </testcase> <!-- loginDDT -->
</testsuite> <!-- loginTest -->
