<?xml version="1.0" encoding="UTF-8"?>
<testsuite name="TestSuite" time="22.581" tests="4" errors="0" skipped="0" failures="3">
  <properties>
[...]
</properties>
  <testcase name="loginDDT" classname="com.bikkadit.ebam.testCase.TC_LoginTest_002" time="22.581"/>
  <testcase name="loginDDT" classname="com.bikkadit.ebam.testCase.TC_LoginTest_002" time="7.45">
    <failure message="expected [true] but found [false]" type="java.lang.AssertionError">java.lang.AssertionError: expected [true] but found [false]
	at org.testng.Assert.fail(Assert.java:96)
	at org.testng.Assert.failNotEquals(Assert.java:776)
	at org.testng.Assert.assertTrue(Assert.java:44)
	at org.testng.Assert.assertTrue(Assert.java:54)
	at com.bikkadit.ebam.testCase.TC_LoginTest_002.loginDDT(TC_LoginTest_002.java:29)
</failure>
    <system-out><![CDATA[ INFO [main] (TC_LoginTest_002.java:19)- user name Provider
 INFO [main] (TC_LoginTest_002.java:21)- password provider
]]></system-out>
  </testcase>
  <testcase name="loginDDT" classname="com.bikkadit.ebam.testCase.TC_LoginTest_002" time="7.534">
    <failure message="expected [true] but found [false]" type="java.lang.AssertionError">java.lang.AssertionError: expected [true] but found [false]
	at org.testng.Assert.fail(Assert.java:96)
	at org.testng.Assert.failNotEquals(Assert.java:776)
	at org.testng.Assert.assertTrue(Assert.java:44)
	at org.testng.Assert.assertTrue(Assert.java:54)
	at com.bikkadit.ebam.testCase.TC_LoginTest_002.loginDDT(TC_LoginTest_002.java:29)
</failure>
    <system-out><![CDATA[ INFO [main] (TC_LoginTest_002.java:19)- user name Provider
 INFO [main] (TC_LoginTest_002.java:21)- password provider
]]></system-out>
  </testcase>
  <testcase name="loginDDT" classname="com.bikkadit.ebam.testCase.TC_LoginTest_002" time="7.545">
    <failure message="expected [true] but found [false]" type="java.lang.AssertionError">java.lang.AssertionError: expected [true] but found [false]
	at org.testng.Assert.fail(Assert.java:96)
	at org.testng.Assert.failNotEquals(Assert.java:776)
	at org.testng.Assert.assertTrue(Assert.java:44)
	at org.testng.Assert.assertTrue(Assert.java:54)
	at com.bikkadit.ebam.testCase.TC_LoginTest_002.loginDDT(TC_LoginTest_002.java:29)
</failure>
    <system-out><![CDATA[ INFO [main] (TC_LoginTest_002.java:19)- user name Provider
 INFO [main] (TC_LoginTest_002.java:21)- password provider
]]></system-out>
  </testcase>
</testsuite>